c:\dropbox\工程\hew2017\hew2017\release\vc120.pdb
c:\dropbox\工程\hew2017\hew2017\release\ui.obj
c:\dropbox\工程\hew2017\hew2017\release\title.obj
c:\dropbox\工程\hew2017\hew2017\release\scene.obj
c:\dropbox\工程\hew2017\hew2017\release\player_move.obj
c:\dropbox\工程\hew2017\hew2017\release\outofrange.obj
c:\dropbox\工程\hew2017\hew2017\release\obstacle.obj
c:\dropbox\工程\hew2017\hew2017\release\monsters.obj
c:\dropbox\工程\hew2017\hew2017\release\main.obj
c:\dropbox\工程\hew2017\hew2017\release\lord_play.obj
c:\dropbox\工程\hew2017\hew2017\release\lord_disp.obj
c:\dropbox\工程\hew2017\hew2017\release\injured.obj
c:\dropbox\工程\hew2017\hew2017\release\end.obj
c:\dropbox\工程\hew2017\hew2017\release\dead_disp.obj
c:\dropbox\工程\hew2017\hew2017\release\boss.obj
c:\dropbox\工程\hew2017\hew2017\release\attjub.obj
c:\dropbox\工程\hew2017\hew2017\release\attackup.obj
c:\dropbox\工程\hew2017\hew2017\release\attackright.obj
c:\dropbox\工程\hew2017\hew2017\release\attackleft.obj
c:\dropbox\工程\hew2017\hew2017\release\attack.obj
c:\dropbox\工程\hew2017\release\hew2017.exe
c:\dropbox\工程\hew2017\release\hew2017.pdb
c:\dropbox\工程\hew2017\hew2017\release\hew2017.res
c:\dropbox\工程\hew2017\hew2017\release\hew2017.tlog\cl.command.1.tlog
c:\dropbox\工程\hew2017\hew2017\release\hew2017.tlog\cl.read.1.tlog
c:\dropbox\工程\hew2017\hew2017\release\hew2017.tlog\cl.write.1.tlog
c:\dropbox\工程\hew2017\hew2017\release\hew2017.tlog\link.command.1.tlog
c:\dropbox\工程\hew2017\hew2017\release\hew2017.tlog\link.read.1.tlog
c:\dropbox\工程\hew2017\hew2017\release\hew2017.tlog\link.write.1.tlog
c:\dropbox\工程\hew2017\hew2017\release\hew2017.tlog\rc.command.1.tlog
c:\dropbox\工程\hew2017\hew2017\release\hew2017.tlog\rc.read.1.tlog
c:\dropbox\工程\hew2017\hew2017\release\hew2017.tlog\rc.write.1.tlog
