2017/3/2 下午5:36:02 にビルドを開始しました。
     1>ノード 2 上のプロジェクト "C:\Dropbox\工程\HEW2017\HEW2017\HEW2017.vcxproj" (Build ターゲット)。
     1>ClCompile:
         C:\Program Files (x86)\Microsoft Visual Studio 12.0\VC\bin\CL.exe /c /ZI /nologo /W3 /WX- /sdl /Od /Oy- /D WIN32 /D _DEBUG /D _CONSOLE /D _LIB /D _MBCS /Gm /EHsc /RTC1 /MTd /GS /fp:precise /Zc:wchar_t /Zc:forScope /Fo"Debug\\" /Fd"Debug\vc120.pdb" /Gd /TP /analyze- /errorReport:prompt main.cpp
         main.cpp
       Link:
         C:\Program Files (x86)\Microsoft Visual Studio 12.0\VC\bin\link.exe /ERRORREPORT:PROMPT /OUT:"C:\Dropbox\工程\HEW2017\Debug\HEW2017.exe" /INCREMENTAL /NOLOGO kernel32.lib user32.lib gdi32.lib winspool.lib comdlg32.lib advapi32.lib shell32.lib ole32.lib oleaut32.lib uuid.lib odbc32.lib odbccp32.lib /MANIFEST /MANIFESTUAC:"level='asInvoker' uiAccess='false'" /manifest:embed /DEBUG /PDB:"C:\Dropbox\工程\HEW2017\Debug\HEW2017.pdb" /SUBSYSTEM:CONSOLE /TLBID:1 /DYNAMICBASE /NXCOMPAT /IMPLIB:"C:\Dropbox\工程\HEW2017\Debug\HEW2017.lib" /MACHINE:X86 Debug\HEW2017.res
         Debug\Attack.obj
         Debug\AttackLEFT.obj
         Debug\AttackRIGHT.obj
         Debug\AttackUP.obj
         Debug\AttJub.obj
         Debug\BOSS.obj
         Debug\Dead_Disp.obj
         Debug\END.obj
         Debug\injured.obj
         Debug\LORD_Disp.obj
         Debug\LORD_Play.obj
         Debug\main.obj
         Debug\Monsters.obj
         Debug\Obstacle.obj
         Debug\OutOfRange.obj
         Debug\Player_Move.obj
         Debug\Scene.obj
         Debug\Title.obj
         Debug\UI.obj
         HEW2017.vcxproj -> C:\Dropbox\工程\HEW2017\Debug\HEW2017.exe
     1>プロジェクト "C:\Dropbox\工程\HEW2017\HEW2017\HEW2017.vcxproj" (Build ターゲット) のビルドが完了しました。

ビルドに成功しました。

経過時間 00:00:01.43
